<?xml version="1.0" encoding="UTF-8"?>
<!-- Generated by org.testng.reporters.JUnitReportReporter -->
<testsuite hostname="Preyal" failures="0" tests="1" name="com.WalmartTestCases.TestHomePageWalmart" time="56.752" errors="0" timestamp="2021-02-07T12:50:53 GMT-05:00" skipped="0">
  <testcase classname="com.WalmartTestCases.TestHomePageWalmart" name="GoToSkinCarePagenumberOfItems_Test6" time="56.752"/>
  <system-out/>
</testsuite> <!-- com.WalmartTestCases.TestHomePageWalmart -->
