<?xml version="1.0" encoding="UTF-8"?>
<!-- Generated by org.testng.reporters.JUnitReportReporter -->
<testsuite hostname="Preyal" failures="0" tests="1" name="com.WalmartTestCases.TestHomePageWalmart" time="35.100" errors="0" timestamp="2021-02-10T11:51:54 GMT-05:00" skipped="0">
  <testcase classname="com.WalmartTestCases.TestHomePageWalmart" name="GoToSuperHeroPage_Test5" time="35.100"/>
  <system-out/>
</testsuite> <!-- com.WalmartTestCases.TestHomePageWalmart -->
