<?xml version="1.0" encoding="UTF-8"?>
<!-- Generated by org.testng.reporters.JUnitReportReporter -->
<testsuite hostname="Preyal" failures="0" tests="1" name="com.WalmartTestCases.TestHomePageWalmart" time="17.603" errors="0" timestamp="2021-02-05T13:20:08 GMT-05:00" skipped="0">
  <testcase classname="com.WalmartTestCases.TestHomePageWalmart" name="GoToSkinCarePage_Test4" time="17.603"/>
  <system-out/>
</testsuite> <!-- com.WalmartTestCases.TestHomePageWalmart -->
