<?xml version="1.0" encoding="UTF-8"?>
<!-- Generated by org.testng.reporters.JUnitReportReporter -->
<testsuite hostname="Preyal" failures="0" tests="1" name="com.WalmartTestCases.TestPersonalSettingWalmart" time="36.970" errors="0" timestamp="2021-02-06T09:07:38 GMT-05:00" skipped="0">
  <testcase classname="com.WalmartTestCases.TestPersonalSettingWalmart" name="verifysignIn_Test1" time="36.970"/>
  <system-out/>
</testsuite> <!-- com.WalmartTestCases.TestPersonalSettingWalmart -->
